[INFO] Scanning for projects...
[INFO] ------------------------------------------------------------------------
[INFO] Reactor Build Order:
[INFO] 
[INFO] MyTicket — Campus Event Management                                 [pom]
[INFO] MyTicket — Common                                                  [jar]
[INFO] MyTicket — Backend                                                 [jar]
[INFO] MyTicket — Desktop                                                 [jar]
[INFO] 
[INFO] -----------------------< com.myticket:myticket >------------------------
[INFO] Building MyTicket — Campus Event Management 1.0.0-SNAPSHOT         [1/4]
[INFO]   from pom.xml
[INFO] --------------------------------[ pom ]---------------------------------
[INFO] 
[INFO] --- clean:3.3.2:clean (default-clean) @ myticket ---
[INFO] 
[INFO] --------------------< com.myticket:myticket-common >--------------------
[INFO] Building MyTicket — Common 1.0.0-SNAPSHOT                          [2/4]
[INFO]   from myticket-common\pom.xml
[INFO] --------------------------------[ jar ]---------------------------------
[INFO] 
[INFO] --- clean:3.3.2:clean (default-clean) @ myticket-common ---
[INFO] Deleting C:\Users\sam\Documents\Myticketproject\myticket-project\myticket\myticket-common\target
[INFO] 
[INFO] --- resources:3.3.1:resources (default-resources) @ myticket-common ---
[INFO] skip non existing resourceDirectory C:\Users\sam\Documents\Myticketproject\myticket-project\myticket\myticket-common\src\main\resources
[INFO] skip non existing resourceDirectory C:\Users\sam\Documents\Myticketproject\myticket-project\myticket\myticket-common\src\main\resources
[INFO] 
[INFO] --- compiler:3.13.0:compile (default-compile) @ myticket-common ---
[INFO] Recompiling the module because of changed source code.
[INFO] Compiling 26 source files with javac [debug parameters release 21] to target\classes
[INFO] Annotation processing is enabled because one or more processors were found
  on the class path. A future release of javac may disable annotation processing
  unless at least one processor is specified by name (-processor), or a search
  path is specified (--processor-path, --processor-module-path), or annotation
  processing is enabled explicitly (-proc:only, -proc:full).
  Use -Xlint:-options to suppress this message.
  Use -proc:none to disable annotation processing.
[INFO] 
[INFO] -------------------< com.myticket:myticket-backend >--------------------
[INFO] Building MyTicket — Backend 1.0.0-SNAPSHOT                         [3/4]
[INFO]   from myticket-backend\pom.xml
[INFO] --------------------------------[ jar ]---------------------------------
[INFO] 
[INFO] --- clean:3.3.2:clean (default-clean) @ myticket-backend ---
[INFO] Deleting C:\Users\sam\Documents\Myticketproject\myticket-project\myticket\myticket-backend\target
[INFO] 
[INFO] --- resources:3.3.1:resources (default-resources) @ myticket-backend ---
[INFO] Copying 2 resources from src\main\resources to target\classes
[INFO] Copying 0 resource from src\main\resources to target\classes
[INFO] 
[INFO] --- compiler:3.13.0:compile (default-compile) @ myticket-backend ---
[INFO] Recompiling the module because of changed dependency.
[INFO] Compiling 51 source files with javac [debug parameters release 21] to target\classes
[INFO] Annotation processing is enabled because one or more processors were found
  on the class path. A future release of javac may disable annotation processing
  unless at least one processor is specified by name (-processor), or a search
  path is specified (--processor-path, --processor-module-path), or annotation
  processing is enabled explicitly (-proc:only, -proc:full).
  Use -Xlint:-options to suppress this message.
  Use -proc:none to disable annotation processing.
[INFO] 
[INFO] -------------------< com.myticket:myticket-desktop >--------------------
[INFO] Building MyTicket — Desktop 1.0.0-SNAPSHOT                         [4/4]
[INFO]   from myticket-desktop\pom.xml
[INFO] --------------------------------[ jar ]---------------------------------
[WARNING] 6 problems were encountered while building the effective model for org.openjfx:javafx-controls:jar:21.0.2 during dependency collection step for project (use -X to see details)
[INFO] 
[INFO] --- clean:3.3.2:clean (default-clean) @ myticket-desktop ---
[INFO] Deleting C:\Users\sam\Documents\Myticketproject\myticket-project\myticket\myticket-desktop\target
[INFO] 
[INFO] --- resources:3.3.1:resources (default-resources) @ myticket-desktop ---
[INFO] skip non existing resourceDirectory C:\Users\sam\Documents\Myticketproject\myticket-project\myticket\myticket-desktop\src\main\resources
[INFO] skip non existing resourceDirectory C:\Users\sam\Documents\Myticketproject\myticket-project\myticket\myticket-desktop\src\main\resources
[INFO] 
[INFO] --- compiler:3.13.0:compile (default-compile) @ myticket-desktop ---
[INFO] Recompiling the module because of changed dependency.
[INFO] Compiling 1 source file with javac [debug parameters release 21] to target\classes
[INFO] Annotation processing is enabled because one or more processors were found
  on the class path. A future release of javac may disable annotation processing
  unless at least one processor is specified by name (-processor), or a search
  path is specified (--processor-path, --processor-module-path), or annotation
  processing is enabled explicitly (-proc:only, -proc:full).
  Use -Xlint:-options to suppress this message.
  Use -proc:none to disable annotation processing.
[INFO] ------------------------------------------------------------------------
[INFO] Reactor Summary for MyTicket — Campus Event Management 1.0.0-SNAPSHOT:
[INFO] 
[INFO] MyTicket — Campus Event Management ................. SUCCESS [  0.408 s]
[INFO] MyTicket — Common .................................. SUCCESS [ 12.629 s]
[INFO] MyTicket — Backend ................................. SUCCESS [ 17.926 s]
[INFO] MyTicket — Desktop ................................. SUCCESS [  4.984 s]
[INFO] ------------------------------------------------------------------------
[INFO] BUILD SUCCESS
[INFO] ------------------------------------------------------------------------
[INFO] Total time:  37.260 s
[INFO] Finished at: 2026-03-22T09:16:35+03:00
[INFO] ------------------------------------------------------------------------
